2025-05-13 16:03:39,377:WARNING:
'cuml' is a soft dependency and not included in the pycaret installation. Please run: `pip install cuml` to install.
2025-05-13 16:03:39,377:WARNING:
'cuml' is a soft dependency and not included in the pycaret installation. Please run: `pip install cuml` to install.
2025-05-13 16:03:39,377:WARNING:
'cuml' is a soft dependency and not included in the pycaret installation. Please run: `pip install cuml` to install.
2025-05-13 16:03:39,377:WARNING:
'cuml' is a soft dependency and not included in the pycaret installation. Please run: `pip install cuml` to install.
2025-05-13 16:11:38,747:INFO:PyCaret RegressionExperiment
2025-05-13 16:11:38,747:INFO:Logging name: reg-default-name
2025-05-13 16:11:38,747:INFO:ML Usecase: MLUsecase.REGRESSION
2025-05-13 16:11:38,747:INFO:version 3.3.2
2025-05-13 16:11:38,747:INFO:Initializing setup()
2025-05-13 16:11:38,747:INFO:self.USI: 085e
2025-05-13 16:11:38,747:INFO:self._variable_keys: {'memory', 'html_param', 'log_plots_param', 'n_jobs_param', 'seed', 'X', 'gpu_n_jobs_param', 'fold_groups_param', 'X_train', 'gpu_param', 'y_train', 'y_test', 'data', 'X_test', 'pipeline', '_available_plots', 'logging_param', 'target_param', 'USI', 'exp_name_log', 'y', 'fold_shuffle_param', 'idx', 'fold_generator', 'exp_id', '_ml_usecase', 'transform_target_param'}
2025-05-13 16:11:38,747:INFO:Checking environment
2025-05-13 16:11:38,747:INFO:python_version: 3.11.9
2025-05-13 16:11:38,747:INFO:python_build: ('tags/v3.11.9:de54cf5', 'Apr  2 2024 10:12:12')
2025-05-13 16:11:38,747:INFO:machine: AMD64
2025-05-13 16:11:38,747:INFO:platform: Windows-10-10.0.26100-SP0
2025-05-13 16:11:38,759:INFO:Memory: svmem(total=33554628608, available=15760769024, percent=53.0, used=17793859584, free=15760769024)
2025-05-13 16:11:38,759:INFO:Physical Core: 6
2025-05-13 16:11:38,759:INFO:Logical Core: 12
2025-05-13 16:11:38,759:INFO:Checking libraries
2025-05-13 16:11:38,759:INFO:System:
2025-05-13 16:11:38,759:INFO:    python: 3.11.9 (tags/v3.11.9:de54cf5, Apr  2 2024, 10:12:12) [MSC v.1938 64 bit (AMD64)]
2025-05-13 16:11:38,759:INFO:executable: C:\Users\amonreal\AppData\Local\Microsoft\WindowsApps\PythonSoftwareFoundation.Python.3.11_qbz5n2kfra8p0\python.exe
2025-05-13 16:11:38,759:INFO:   machine: Windows-10-10.0.26100-SP0
2025-05-13 16:11:38,759:INFO:PyCaret required dependencies:
2025-05-13 16:11:38,956:INFO:                 pip: 24.0
2025-05-13 16:11:38,956:INFO:          setuptools: 65.5.0
2025-05-13 16:11:38,956:INFO:             pycaret: 3.3.2
2025-05-13 16:11:38,956:INFO:             IPython: 9.2.0
2025-05-13 16:11:38,956:INFO:          ipywidgets: 8.1.7
2025-05-13 16:11:38,956:INFO:                tqdm: 4.67.1
2025-05-13 16:11:38,956:INFO:               numpy: 1.26.4
2025-05-13 16:11:38,956:INFO:              pandas: 2.1.4
2025-05-13 16:11:38,956:INFO:              jinja2: 3.1.6
2025-05-13 16:11:38,956:INFO:               scipy: 1.11.4
2025-05-13 16:11:38,956:INFO:              joblib: 1.3.2
2025-05-13 16:11:38,956:INFO:             sklearn: 1.4.2
2025-05-13 16:11:38,956:INFO:                pyod: 2.0.5
2025-05-13 16:11:38,956:INFO:            imblearn: 0.13.0
2025-05-13 16:11:38,956:INFO:   category_encoders: 2.7.0
2025-05-13 16:11:38,956:INFO:            lightgbm: 4.6.0
2025-05-13 16:11:38,956:INFO:               numba: 0.61.2
2025-05-13 16:11:38,956:INFO:            requests: 2.32.3
2025-05-13 16:11:38,956:INFO:          matplotlib: 3.7.5
2025-05-13 16:11:38,956:INFO:          scikitplot: 0.3.7
2025-05-13 16:11:38,956:INFO:         yellowbrick: 1.5
2025-05-13 16:11:38,956:INFO:              plotly: 5.24.1
2025-05-13 16:11:38,956:INFO:    plotly-resampler: Not installed
2025-05-13 16:11:38,956:INFO:             kaleido: 0.2.1
2025-05-13 16:11:38,956:INFO:           schemdraw: 0.15
2025-05-13 16:11:38,956:INFO:         statsmodels: 0.14.4
2025-05-13 16:11:38,956:INFO:              sktime: 0.26.0
2025-05-13 16:11:38,956:INFO:               tbats: 1.1.3
2025-05-13 16:11:38,956:INFO:            pmdarima: 2.0.4
2025-05-13 16:11:38,956:INFO:              psutil: 7.0.0
2025-05-13 16:11:38,956:INFO:          markupsafe: 3.0.2
2025-05-13 16:11:38,956:INFO:             pickle5: Not installed
2025-05-13 16:11:38,956:INFO:         cloudpickle: 3.1.1
2025-05-13 16:11:38,956:INFO:         deprecation: 2.1.0
2025-05-13 16:11:38,956:INFO:              xxhash: 3.5.0
2025-05-13 16:11:38,956:INFO:           wurlitzer: Not installed
2025-05-13 16:11:38,956:INFO:PyCaret optional dependencies:
2025-05-13 16:11:38,973:INFO:                shap: Not installed
2025-05-13 16:11:38,973:INFO:           interpret: Not installed
2025-05-13 16:11:38,973:INFO:                umap: Not installed
2025-05-13 16:11:38,973:INFO:     ydata_profiling: Not installed
2025-05-13 16:11:38,973:INFO:  explainerdashboard: Not installed
2025-05-13 16:11:38,973:INFO:             autoviz: Not installed
2025-05-13 16:11:38,973:INFO:           fairlearn: Not installed
2025-05-13 16:11:38,973:INFO:          deepchecks: Not installed
2025-05-13 16:11:38,973:INFO:             xgboost: Not installed
2025-05-13 16:11:38,973:INFO:            catboost: Not installed
2025-05-13 16:11:38,973:INFO:              kmodes: Not installed
2025-05-13 16:11:38,973:INFO:             mlxtend: Not installed
2025-05-13 16:11:38,973:INFO:       statsforecast: Not installed
2025-05-13 16:11:38,973:INFO:        tune_sklearn: Not installed
2025-05-13 16:11:38,973:INFO:                 ray: Not installed
2025-05-13 16:11:38,973:INFO:            hyperopt: Not installed
2025-05-13 16:11:38,973:INFO:              optuna: Not installed
2025-05-13 16:11:38,973:INFO:               skopt: Not installed
2025-05-13 16:11:38,973:INFO:              mlflow: Not installed
2025-05-13 16:11:38,973:INFO:              gradio: Not installed
2025-05-13 16:11:38,973:INFO:             fastapi: Not installed
2025-05-13 16:11:38,973:INFO:             uvicorn: Not installed
2025-05-13 16:11:38,973:INFO:              m2cgen: Not installed
2025-05-13 16:11:38,973:INFO:           evidently: Not installed
2025-05-13 16:11:38,973:INFO:               fugue: Not installed
2025-05-13 16:11:38,973:INFO:           streamlit: Not installed
2025-05-13 16:11:38,973:INFO:             prophet: Not installed
2025-05-13 16:11:38,973:INFO:None
2025-05-13 16:11:38,973:INFO:Set up data.
2025-05-13 16:11:38,973:INFO:Set up folding strategy.
2025-05-13 16:11:38,973:INFO:Set up train/test split.
2025-05-13 16:11:39,037:INFO:Set up index.
2025-05-13 16:11:39,037:INFO:Assigning column types.
2025-05-13 16:11:39,037:INFO:Engine successfully changes for model 'lr' to 'sklearn'.
2025-05-13 16:11:39,037:INFO:Engine for model 'lasso' has not been set explicitly, hence returning None.
2025-05-13 16:11:39,037:INFO:Engine for model 'ridge' has not been set explicitly, hence returning None.
2025-05-13 16:11:39,037:INFO:Engine for model 'en' has not been set explicitly, hence returning None.
2025-05-13 16:11:39,113:INFO:Engine for model 'svm' has not been set explicitly, hence returning None.
2025-05-13 16:11:39,150:INFO:Engine for model 'knn' has not been set explicitly, hence returning None.
2025-05-13 16:11:39,150:WARNING:
'xgboost' is a soft dependency and not included in the pycaret installation. Please run: `pip install xgboost` to install.
Alternately, you can install this by running `pip install pycaret[models]`
2025-05-13 16:11:39,151:WARNING:
'catboost' is a soft dependency and not included in the pycaret installation. Please run: `pip install catboost` to install.
Alternately, you can install this by running `pip install pycaret[models]`
2025-05-13 16:11:39,151:INFO:Engine for model 'lasso' has not been set explicitly, hence returning None.
2025-05-13 16:11:39,155:INFO:Engine for model 'ridge' has not been set explicitly, hence returning None.
2025-05-13 16:11:39,158:INFO:Engine for model 'en' has not been set explicitly, hence returning None.
2025-05-13 16:11:39,205:INFO:Engine for model 'svm' has not been set explicitly, hence returning None.
2025-05-13 16:11:39,243:INFO:Engine for model 'knn' has not been set explicitly, hence returning None.
2025-05-13 16:11:39,243:WARNING:
'xgboost' is a soft dependency and not included in the pycaret installation. Please run: `pip install xgboost` to install.
Alternately, you can install this by running `pip install pycaret[models]`
2025-05-13 16:11:39,243:WARNING:
'catboost' is a soft dependency and not included in the pycaret installation. Please run: `pip install catboost` to install.
Alternately, you can install this by running `pip install pycaret[models]`
2025-05-13 16:11:39,243:INFO:Engine successfully changes for model 'lasso' to 'sklearn'.
2025-05-13 16:11:39,243:INFO:Engine for model 'ridge' has not been set explicitly, hence returning None.
2025-05-13 16:11:39,254:INFO:Engine for model 'en' has not been set explicitly, hence returning None.
2025-05-13 16:11:39,300:INFO:Engine for model 'svm' has not been set explicitly, hence returning None.
2025-05-13 16:11:39,336:INFO:Engine for model 'knn' has not been set explicitly, hence returning None.
2025-05-13 16:11:39,336:WARNING:
'xgboost' is a soft dependency and not included in the pycaret installation. Please run: `pip install xgboost` to install.
Alternately, you can install this by running `pip install pycaret[models]`
2025-05-13 16:11:39,336:WARNING:
'catboost' is a soft dependency and not included in the pycaret installation. Please run: `pip install catboost` to install.
Alternately, you can install this by running `pip install pycaret[models]`
2025-05-13 16:11:39,340:INFO:Engine for model 'ridge' has not been set explicitly, hence returning None.
2025-05-13 16:11:39,343:INFO:Engine for model 'en' has not been set explicitly, hence returning None.
2025-05-13 16:11:39,391:INFO:Engine for model 'svm' has not been set explicitly, hence returning None.
2025-05-13 16:11:39,424:INFO:Engine for model 'knn' has not been set explicitly, hence returning None.
2025-05-13 16:11:39,424:WARNING:
'xgboost' is a soft dependency and not included in the pycaret installation. Please run: `pip install xgboost` to install.
Alternately, you can install this by running `pip install pycaret[models]`
2025-05-13 16:11:39,424:WARNING:
'catboost' is a soft dependency and not included in the pycaret installation. Please run: `pip install catboost` to install.
Alternately, you can install this by running `pip install pycaret[models]`
2025-05-13 16:11:39,424:INFO:Engine successfully changes for model 'ridge' to 'sklearn'.
2025-05-13 16:11:39,424:INFO:Engine for model 'en' has not been set explicitly, hence returning None.
2025-05-13 16:11:39,487:INFO:Engine for model 'svm' has not been set explicitly, hence returning None.
2025-05-13 16:11:39,524:INFO:Engine for model 'knn' has not been set explicitly, hence returning None.
2025-05-13 16:11:39,525:WARNING:
'xgboost' is a soft dependency and not included in the pycaret installation. Please run: `pip install xgboost` to install.
Alternately, you can install this by running `pip install pycaret[models]`
2025-05-13 16:11:39,525:WARNING:
'catboost' is a soft dependency and not included in the pycaret installation. Please run: `pip install catboost` to install.
Alternately, you can install this by running `pip install pycaret[models]`
2025-05-13 16:11:39,525:INFO:Engine for model 'en' has not been set explicitly, hence returning None.
2025-05-13 16:11:39,623:INFO:Engine for model 'svm' has not been set explicitly, hence returning None.
2025-05-13 16:11:39,652:INFO:Engine for model 'knn' has not been set explicitly, hence returning None.
2025-05-13 16:11:39,652:WARNING:
'xgboost' is a soft dependency and not included in the pycaret installation. Please run: `pip install xgboost` to install.
Alternately, you can install this by running `pip install pycaret[models]`
2025-05-13 16:11:39,652:WARNING:
'catboost' is a soft dependency and not included in the pycaret installation. Please run: `pip install catboost` to install.
Alternately, you can install this by running `pip install pycaret[models]`
2025-05-13 16:11:39,652:INFO:Engine successfully changes for model 'en' to 'sklearn'.
2025-05-13 16:11:39,709:INFO:Engine for model 'svm' has not been set explicitly, hence returning None.
2025-05-13 16:11:39,771:INFO:Engine for model 'knn' has not been set explicitly, hence returning None.
2025-05-13 16:11:39,771:WARNING:
'xgboost' is a soft dependency and not included in the pycaret installation. Please run: `pip install xgboost` to install.
Alternately, you can install this by running `pip install pycaret[models]`
2025-05-13 16:11:39,771:WARNING:
'catboost' is a soft dependency and not included in the pycaret installation. Please run: `pip install catboost` to install.
Alternately, you can install this by running `pip install pycaret[models]`
2025-05-13 16:11:39,827:INFO:Engine for model 'svm' has not been set explicitly, hence returning None.
2025-05-13 16:11:39,873:INFO:Engine for model 'knn' has not been set explicitly, hence returning None.
2025-05-13 16:11:39,873:WARNING:
'xgboost' is a soft dependency and not included in the pycaret installation. Please run: `pip install xgboost` to install.
Alternately, you can install this by running `pip install pycaret[models]`
2025-05-13 16:11:39,873:WARNING:
'catboost' is a soft dependency and not included in the pycaret installation. Please run: `pip install catboost` to install.
Alternately, you can install this by running `pip install pycaret[models]`
2025-05-13 16:11:39,873:INFO:Engine successfully changes for model 'knn' to 'sklearn'.
2025-05-13 16:11:39,941:INFO:Engine for model 'svm' has not been set explicitly, hence returning None.
2025-05-13 16:11:39,973:WARNING:
'xgboost' is a soft dependency and not included in the pycaret installation. Please run: `pip install xgboost` to install.
Alternately, you can install this by running `pip install pycaret[models]`
2025-05-13 16:11:39,973:WARNING:
'catboost' is a soft dependency and not included in the pycaret installation. Please run: `pip install catboost` to install.
Alternately, you can install this by running `pip install pycaret[models]`
2025-05-13 16:11:40,020:INFO:Engine for model 'svm' has not been set explicitly, hence returning None.
2025-05-13 16:11:40,046:WARNING:
'xgboost' is a soft dependency and not included in the pycaret installation. Please run: `pip install xgboost` to install.
Alternately, you can install this by running `pip install pycaret[models]`
2025-05-13 16:11:40,046:WARNING:
'catboost' is a soft dependency and not included in the pycaret installation. Please run: `pip install catboost` to install.
Alternately, you can install this by running `pip install pycaret[models]`
2025-05-13 16:11:40,046:INFO:Engine successfully changes for model 'svm' to 'sklearn'.
2025-05-13 16:11:40,125:WARNING:
'xgboost' is a soft dependency and not included in the pycaret installation. Please run: `pip install xgboost` to install.
Alternately, you can install this by running `pip install pycaret[models]`
2025-05-13 16:11:40,125:WARNING:
'catboost' is a soft dependency and not included in the pycaret installation. Please run: `pip install catboost` to install.
Alternately, you can install this by running `pip install pycaret[models]`
2025-05-13 16:11:40,201:WARNING:
'xgboost' is a soft dependency and not included in the pycaret installation. Please run: `pip install xgboost` to install.
Alternately, you can install this by running `pip install pycaret[models]`
2025-05-13 16:11:40,201:WARNING:
'catboost' is a soft dependency and not included in the pycaret installation. Please run: `pip install catboost` to install.
Alternately, you can install this by running `pip install pycaret[models]`
2025-05-13 16:11:40,201:INFO:Preparing preprocessing pipeline...
2025-05-13 16:11:40,201:INFO:Set up simple imputation.
2025-05-13 16:11:40,201:INFO:Set up encoding of categorical features.
2025-05-13 16:11:40,201:INFO:Set up feature normalization.
2025-05-13 16:11:40,308:INFO:Finished creating preprocessing pipeline.
2025-05-13 16:11:40,344:INFO:Pipeline: Pipeline(memory=FastMemory(location=C:\Users\amonreal\AppData\Local\Temp\joblib),
         steps=[('numerical_imputer',
                 TransformerWrapper(include=['area_m2', 'num_habitaciones',
                                             'num_banos', 'antiguedad_anos',
                                             'vista_mar'],
                                    transformer=SimpleImputer())),
                ('categorical_imputer',
                 TransformerWrapper(include=['distrito'],
                                    transformer=SimpleImputer(strategy='most_frequent'))),
                ('onehot_encoding',
                 TransformerWrapper(include=['distrito'],
                                    transformer=OneHotEncoder(cols=['distrito'],
                                                              handle_missing='return_nan',
                                                              use_cat_names=True))),
                ('normalize',
                 TransformerWrapper(transformer=StandardScaler()))])
2025-05-13 16:11:40,344:INFO:Creating final display dataframe.
2025-05-13 16:11:40,478:INFO:Setup _display_container:                     Description             Value
0                    Session id               123
1                        Target            precio
2                   Target type        Regression
3           Original data shape          (100, 7)
4        Transformed data shape         (100, 10)
5   Transformed train set shape          (70, 10)
6    Transformed test set shape          (30, 10)
7              Numeric features                 5
8          Categorical features                 1
9                    Preprocess              True
10              Imputation type            simple
11           Numeric imputation              mean
12       Categorical imputation              mode
13     Maximum one-hot encoding                25
14              Encoding method              None
15                    Normalize              True
16             Normalize method            zscore
17               Fold Generator             KFold
18                  Fold Number                10
19                     CPU Jobs                -1
20                      Use GPU             False
21               Log Experiment             False
22              Experiment Name  reg-default-name
23                          USI              085e
2025-05-13 16:11:40,606:WARNING:
'xgboost' is a soft dependency and not included in the pycaret installation. Please run: `pip install xgboost` to install.
Alternately, you can install this by running `pip install pycaret[models]`
2025-05-13 16:11:40,607:WARNING:
'catboost' is a soft dependency and not included in the pycaret installation. Please run: `pip install catboost` to install.
Alternately, you can install this by running `pip install pycaret[models]`
2025-05-13 16:11:40,709:WARNING:
'xgboost' is a soft dependency and not included in the pycaret installation. Please run: `pip install xgboost` to install.
Alternately, you can install this by running `pip install pycaret[models]`
2025-05-13 16:11:40,710:WARNING:
'catboost' is a soft dependency and not included in the pycaret installation. Please run: `pip install catboost` to install.
Alternately, you can install this by running `pip install pycaret[models]`
2025-05-13 16:11:40,710:INFO:setup() successfully completed in 1.97s...............
2025-05-13 16:11:54,587:INFO:Initializing compare_models()
2025-05-13 16:11:54,587:INFO:compare_models(self=<pycaret.regression.oop.RegressionExperiment object at 0x000001D098FC3ED0>, include=None, exclude=None, fold=None, round=4, cross_validation=True, sort=R2, n_select=1, budget_time=None, turbo=True, errors=ignore, fit_kwargs=None, groups=None, experiment_custom_tags=None, probability_threshold=None, verbose=True, parallel=None, caller_params={'self': <pycaret.regression.oop.RegressionExperiment object at 0x000001D098FC3ED0>, 'include': None, 'exclude': None, 'fold': None, 'round': 4, 'cross_validation': True, 'sort': 'R2', 'n_select': 1, 'budget_time': None, 'turbo': True, 'errors': 'ignore', 'fit_kwargs': None, 'groups': None, 'experiment_custom_tags': None, 'engine': None, 'verbose': True, 'parallel': None, '__class__': <class 'pycaret.regression.oop.RegressionExperiment'>})
2025-05-13 16:11:54,588:INFO:Checking exceptions
2025-05-13 16:11:54,590:INFO:Preparing display monitor
2025-05-13 16:11:54,621:INFO:Initializing Linear Regression
2025-05-13 16:11:54,621:INFO:Total runtime is 1.6717116038004556e-05 minutes
2025-05-13 16:11:54,626:INFO:SubProcess create_model() called ==================================
2025-05-13 16:11:54,627:INFO:Initializing create_model()
2025-05-13 16:11:54,627:INFO:create_model(self=<pycaret.regression.oop.RegressionExperiment object at 0x000001D098FC3ED0>, estimator=lr, fold=KFold(n_splits=10, random_state=None, shuffle=False), round=4, cross_validation=True, predict=True, fit_kwargs={}, groups=None, refit=False, probability_threshold=None, experiment_custom_tags=None, verbose=False, system=False, add_to_model_list=True, metrics=None, display=<pycaret.internal.display.display.CommonDisplay object at 0x000001D09BD48E50>, model_only=True, return_train_score=False, error_score=0.0, kwargs={})
2025-05-13 16:11:54,627:INFO:Checking exceptions
2025-05-13 16:11:54,627:INFO:Importing libraries
2025-05-13 16:11:54,627:INFO:Copying training dataset
2025-05-13 16:11:54,630:INFO:Defining folds
2025-05-13 16:11:54,630:INFO:Declaring metric variables
2025-05-13 16:11:54,633:INFO:Importing untrained model
2025-05-13 16:11:54,637:INFO:Linear Regression Imported successfully
2025-05-13 16:11:54,646:INFO:Starting cross validation
2025-05-13 16:11:54,698:INFO:Cross validating with KFold(n_splits=10, random_state=None, shuffle=False), n_jobs=-1
2025-05-13 16:11:59,334:INFO:Calculating mean and std
2025-05-13 16:11:59,335:INFO:Creating metrics dataframe
2025-05-13 16:11:59,338:INFO:Uploading results into container
2025-05-13 16:11:59,339:INFO:Uploading model into container now
2025-05-13 16:11:59,340:INFO:_master_model_container: 1
2025-05-13 16:11:59,340:INFO:_display_container: 2
2025-05-13 16:11:59,340:INFO:LinearRegression(n_jobs=-1)
2025-05-13 16:11:59,341:INFO:create_model() successfully completed......................................
2025-05-13 16:11:59,452:INFO:SubProcess create_model() end ==================================
2025-05-13 16:11:59,452:INFO:Creating metrics dataframe
2025-05-13 16:11:59,468:INFO:Initializing Lasso Regression
2025-05-13 16:11:59,468:INFO:Total runtime is 0.0807937741279602 minutes
2025-05-13 16:11:59,470:INFO:SubProcess create_model() called ==================================
2025-05-13 16:11:59,470:INFO:Initializing create_model()
2025-05-13 16:11:59,470:INFO:create_model(self=<pycaret.regression.oop.RegressionExperiment object at 0x000001D098FC3ED0>, estimator=lasso, fold=KFold(n_splits=10, random_state=None, shuffle=False), round=4, cross_validation=True, predict=True, fit_kwargs={}, groups=None, refit=False, probability_threshold=None, experiment_custom_tags=None, verbose=False, system=False, add_to_model_list=True, metrics=None, display=<pycaret.internal.display.display.CommonDisplay object at 0x000001D09BD48E50>, model_only=True, return_train_score=False, error_score=0.0, kwargs={})
2025-05-13 16:11:59,470:INFO:Checking exceptions
2025-05-13 16:11:59,470:INFO:Importing libraries
2025-05-13 16:11:59,470:INFO:Copying training dataset
2025-05-13 16:11:59,479:INFO:Defining folds
2025-05-13 16:11:59,480:INFO:Declaring metric variables
2025-05-13 16:11:59,489:INFO:Importing untrained model
2025-05-13 16:11:59,497:INFO:Lasso Regression Imported successfully
2025-05-13 16:11:59,507:INFO:Starting cross validation
2025-05-13 16:11:59,509:INFO:Cross validating with KFold(n_splits=10, random_state=None, shuffle=False), n_jobs=-1
2025-05-13 16:12:01,496:INFO:Calculating mean and std
2025-05-13 16:12:01,497:INFO:Creating metrics dataframe
2025-05-13 16:12:01,499:INFO:Uploading results into container
2025-05-13 16:12:01,500:INFO:Uploading model into container now
2025-05-13 16:12:01,500:INFO:_master_model_container: 2
2025-05-13 16:12:01,500:INFO:_display_container: 2
2025-05-13 16:12:01,501:INFO:Lasso(random_state=123)
2025-05-13 16:12:01,501:INFO:create_model() successfully completed......................................
2025-05-13 16:12:01,624:INFO:SubProcess create_model() end ==================================
2025-05-13 16:12:01,624:INFO:Creating metrics dataframe
2025-05-13 16:12:01,637:INFO:Initializing Ridge Regression
2025-05-13 16:12:01,637:INFO:Total runtime is 0.11694057782491046 minutes
2025-05-13 16:12:01,641:INFO:SubProcess create_model() called ==================================
2025-05-13 16:12:01,641:INFO:Initializing create_model()
2025-05-13 16:12:01,641:INFO:create_model(self=<pycaret.regression.oop.RegressionExperiment object at 0x000001D098FC3ED0>, estimator=ridge, fold=KFold(n_splits=10, random_state=None, shuffle=False), round=4, cross_validation=True, predict=True, fit_kwargs={}, groups=None, refit=False, probability_threshold=None, experiment_custom_tags=None, verbose=False, system=False, add_to_model_list=True, metrics=None, display=<pycaret.internal.display.display.CommonDisplay object at 0x000001D09BD48E50>, model_only=True, return_train_score=False, error_score=0.0, kwargs={})
2025-05-13 16:12:01,641:INFO:Checking exceptions
2025-05-13 16:12:01,641:INFO:Importing libraries
2025-05-13 16:12:01,641:INFO:Copying training dataset
2025-05-13 16:12:01,643:INFO:Defining folds
2025-05-13 16:12:01,643:INFO:Declaring metric variables
2025-05-13 16:12:01,643:INFO:Importing untrained model
2025-05-13 16:12:01,643:INFO:Ridge Regression Imported successfully
2025-05-13 16:12:01,658:INFO:Starting cross validation
2025-05-13 16:12:01,661:INFO:Cross validating with KFold(n_splits=10, random_state=None, shuffle=False), n_jobs=-1
2025-05-13 16:12:01,768:INFO:Calculating mean and std
2025-05-13 16:12:01,770:INFO:Creating metrics dataframe
2025-05-13 16:12:01,771:INFO:Uploading results into container
2025-05-13 16:12:01,772:INFO:Uploading model into container now
2025-05-13 16:12:01,772:INFO:_master_model_container: 3
2025-05-13 16:12:01,773:INFO:_display_container: 2
2025-05-13 16:12:01,773:INFO:Ridge(random_state=123)
2025-05-13 16:12:01,773:INFO:create_model() successfully completed......................................
2025-05-13 16:12:01,877:INFO:SubProcess create_model() end ==================================
2025-05-13 16:12:01,877:INFO:Creating metrics dataframe
2025-05-13 16:12:01,877:INFO:Initializing Elastic Net
2025-05-13 16:12:01,877:INFO:Total runtime is 0.12095081408818562 minutes
2025-05-13 16:12:01,893:INFO:SubProcess create_model() called ==================================
2025-05-13 16:12:01,893:INFO:Initializing create_model()
2025-05-13 16:12:01,893:INFO:create_model(self=<pycaret.regression.oop.RegressionExperiment object at 0x000001D098FC3ED0>, estimator=en, fold=KFold(n_splits=10, random_state=None, shuffle=False), round=4, cross_validation=True, predict=True, fit_kwargs={}, groups=None, refit=False, probability_threshold=None, experiment_custom_tags=None, verbose=False, system=False, add_to_model_list=True, metrics=None, display=<pycaret.internal.display.display.CommonDisplay object at 0x000001D09BD48E50>, model_only=True, return_train_score=False, error_score=0.0, kwargs={})
2025-05-13 16:12:01,893:INFO:Checking exceptions
2025-05-13 16:12:01,893:INFO:Importing libraries
2025-05-13 16:12:01,893:INFO:Copying training dataset
2025-05-13 16:12:01,893:INFO:Defining folds
2025-05-13 16:12:01,893:INFO:Declaring metric variables
2025-05-13 16:12:01,904:INFO:Importing untrained model
2025-05-13 16:12:01,910:INFO:Elastic Net Imported successfully
2025-05-13 16:12:01,914:INFO:Starting cross validation
2025-05-13 16:12:01,916:INFO:Cross validating with KFold(n_splits=10, random_state=None, shuffle=False), n_jobs=-1
2025-05-13 16:12:02,001:INFO:Calculating mean and std
2025-05-13 16:12:02,001:INFO:Creating metrics dataframe
2025-05-13 16:12:02,004:INFO:Uploading results into container
2025-05-13 16:12:02,004:INFO:Uploading model into container now
2025-05-13 16:12:02,005:INFO:_master_model_container: 4
2025-05-13 16:12:02,005:INFO:_display_container: 2
2025-05-13 16:12:02,006:INFO:ElasticNet(random_state=123)
2025-05-13 16:12:02,006:INFO:create_model() successfully completed......................................
2025-05-13 16:12:02,104:INFO:SubProcess create_model() end ==================================
2025-05-13 16:12:02,104:INFO:Creating metrics dataframe
2025-05-13 16:12:02,121:INFO:Initializing Least Angle Regression
2025-05-13 16:12:02,121:INFO:Total runtime is 0.12501175006230672 minutes
2025-05-13 16:12:02,121:INFO:SubProcess create_model() called ==================================
2025-05-13 16:12:02,121:INFO:Initializing create_model()
2025-05-13 16:12:02,121:INFO:create_model(self=<pycaret.regression.oop.RegressionExperiment object at 0x000001D098FC3ED0>, estimator=lar, fold=KFold(n_splits=10, random_state=None, shuffle=False), round=4, cross_validation=True, predict=True, fit_kwargs={}, groups=None, refit=False, probability_threshold=None, experiment_custom_tags=None, verbose=False, system=False, add_to_model_list=True, metrics=None, display=<pycaret.internal.display.display.CommonDisplay object at 0x000001D09BD48E50>, model_only=True, return_train_score=False, error_score=0.0, kwargs={})
2025-05-13 16:12:02,121:INFO:Checking exceptions
2025-05-13 16:12:02,121:INFO:Importing libraries
2025-05-13 16:12:02,121:INFO:Copying training dataset
2025-05-13 16:12:02,138:INFO:Defining folds
2025-05-13 16:12:02,138:INFO:Declaring metric variables
2025-05-13 16:12:02,142:INFO:Importing untrained model
2025-05-13 16:12:02,144:INFO:Least Angle Regression Imported successfully
2025-05-13 16:12:02,153:INFO:Starting cross validation
2025-05-13 16:12:02,155:INFO:Cross validating with KFold(n_splits=10, random_state=None, shuffle=False), n_jobs=-1
2025-05-13 16:12:02,238:INFO:Calculating mean and std
2025-05-13 16:12:02,240:INFO:Creating metrics dataframe
2025-05-13 16:12:02,241:INFO:Uploading results into container
2025-05-13 16:12:02,243:INFO:Uploading model into container now
2025-05-13 16:12:02,243:INFO:_master_model_container: 5
2025-05-13 16:12:02,243:INFO:_display_container: 2
2025-05-13 16:12:02,243:INFO:Lars(random_state=123)
2025-05-13 16:12:02,243:INFO:create_model() successfully completed......................................
2025-05-13 16:12:02,352:INFO:SubProcess create_model() end ==================================
2025-05-13 16:12:02,352:INFO:Creating metrics dataframe
2025-05-13 16:12:02,358:INFO:Initializing Lasso Least Angle Regression
2025-05-13 16:12:02,358:INFO:Total runtime is 0.12896978855133057 minutes
2025-05-13 16:12:02,362:INFO:SubProcess create_model() called ==================================
2025-05-13 16:12:02,363:INFO:Initializing create_model()
2025-05-13 16:12:02,363:INFO:create_model(self=<pycaret.regression.oop.RegressionExperiment object at 0x000001D098FC3ED0>, estimator=llar, fold=KFold(n_splits=10, random_state=None, shuffle=False), round=4, cross_validation=True, predict=True, fit_kwargs={}, groups=None, refit=False, probability_threshold=None, experiment_custom_tags=None, verbose=False, system=False, add_to_model_list=True, metrics=None, display=<pycaret.internal.display.display.CommonDisplay object at 0x000001D09BD48E50>, model_only=True, return_train_score=False, error_score=0.0, kwargs={})
2025-05-13 16:12:02,363:INFO:Checking exceptions
2025-05-13 16:12:02,363:INFO:Importing libraries
2025-05-13 16:12:02,363:INFO:Copying training dataset
2025-05-13 16:12:02,366:INFO:Defining folds
2025-05-13 16:12:02,366:INFO:Declaring metric variables
2025-05-13 16:12:02,371:INFO:Importing untrained model
2025-05-13 16:12:02,375:INFO:Lasso Least Angle Regression Imported successfully
2025-05-13 16:12:02,380:INFO:Starting cross validation
2025-05-13 16:12:02,382:INFO:Cross validating with KFold(n_splits=10, random_state=None, shuffle=False), n_jobs=-1
2025-05-13 16:12:02,489:INFO:Calculating mean and std
2025-05-13 16:12:02,489:INFO:Creating metrics dataframe
2025-05-13 16:12:02,489:INFO:Uploading results into container
2025-05-13 16:12:02,489:INFO:Uploading model into container now
2025-05-13 16:12:02,489:INFO:_master_model_container: 6
2025-05-13 16:12:02,489:INFO:_display_container: 2
2025-05-13 16:12:02,489:INFO:LassoLars(random_state=123)
2025-05-13 16:12:02,489:INFO:create_model() successfully completed......................................
2025-05-13 16:12:02,605:INFO:SubProcess create_model() end ==================================
2025-05-13 16:12:02,605:INFO:Creating metrics dataframe
2025-05-13 16:12:02,609:INFO:Initializing Orthogonal Matching Pursuit
2025-05-13 16:12:02,620:INFO:Total runtime is 0.13333499431610107 minutes
2025-05-13 16:12:02,625:INFO:SubProcess create_model() called ==================================
2025-05-13 16:12:02,626:INFO:Initializing create_model()
2025-05-13 16:12:02,626:INFO:create_model(self=<pycaret.regression.oop.RegressionExperiment object at 0x000001D098FC3ED0>, estimator=omp, fold=KFold(n_splits=10, random_state=None, shuffle=False), round=4, cross_validation=True, predict=True, fit_kwargs={}, groups=None, refit=False, probability_threshold=None, experiment_custom_tags=None, verbose=False, system=False, add_to_model_list=True, metrics=None, display=<pycaret.internal.display.display.CommonDisplay object at 0x000001D09BD48E50>, model_only=True, return_train_score=False, error_score=0.0, kwargs={})
2025-05-13 16:12:02,626:INFO:Checking exceptions
2025-05-13 16:12:02,626:INFO:Importing libraries
2025-05-13 16:12:02,626:INFO:Copying training dataset
2025-05-13 16:12:02,626:INFO:Defining folds
2025-05-13 16:12:02,626:INFO:Declaring metric variables
2025-05-13 16:12:02,635:INFO:Importing untrained model
2025-05-13 16:12:02,640:INFO:Orthogonal Matching Pursuit Imported successfully
2025-05-13 16:12:02,646:INFO:Starting cross validation
2025-05-13 16:12:02,647:INFO:Cross validating with KFold(n_splits=10, random_state=None, shuffle=False), n_jobs=-1
2025-05-13 16:12:02,755:INFO:Calculating mean and std
2025-05-13 16:12:02,756:INFO:Creating metrics dataframe
2025-05-13 16:12:02,758:INFO:Uploading results into container
2025-05-13 16:12:02,758:INFO:Uploading model into container now
2025-05-13 16:12:02,759:INFO:_master_model_container: 7
2025-05-13 16:12:02,759:INFO:_display_container: 2
2025-05-13 16:12:02,759:INFO:OrthogonalMatchingPursuit()
2025-05-13 16:12:02,759:INFO:create_model() successfully completed......................................
2025-05-13 16:12:02,868:INFO:SubProcess create_model() end ==================================
2025-05-13 16:12:02,868:INFO:Creating metrics dataframe
2025-05-13 16:12:02,876:INFO:Initializing Bayesian Ridge
2025-05-13 16:12:02,876:INFO:Total runtime is 0.1375944455464681 minutes
2025-05-13 16:12:02,880:INFO:SubProcess create_model() called ==================================
2025-05-13 16:12:02,881:INFO:Initializing create_model()
2025-05-13 16:12:02,881:INFO:create_model(self=<pycaret.regression.oop.RegressionExperiment object at 0x000001D098FC3ED0>, estimator=br, fold=KFold(n_splits=10, random_state=None, shuffle=False), round=4, cross_validation=True, predict=True, fit_kwargs={}, groups=None, refit=False, probability_threshold=None, experiment_custom_tags=None, verbose=False, system=False, add_to_model_list=True, metrics=None, display=<pycaret.internal.display.display.CommonDisplay object at 0x000001D09BD48E50>, model_only=True, return_train_score=False, error_score=0.0, kwargs={})
2025-05-13 16:12:02,881:INFO:Checking exceptions
2025-05-13 16:12:02,881:INFO:Importing libraries
2025-05-13 16:12:02,881:INFO:Copying training dataset
2025-05-13 16:12:02,885:INFO:Defining folds
2025-05-13 16:12:02,885:INFO:Declaring metric variables
2025-05-13 16:12:02,889:INFO:Importing untrained model
2025-05-13 16:12:02,892:INFO:Bayesian Ridge Imported successfully
2025-05-13 16:12:02,898:INFO:Starting cross validation
2025-05-13 16:12:02,899:INFO:Cross validating with KFold(n_splits=10, random_state=None, shuffle=False), n_jobs=-1
2025-05-13 16:12:02,987:INFO:Calculating mean and std
2025-05-13 16:12:02,988:INFO:Creating metrics dataframe
2025-05-13 16:12:02,990:INFO:Uploading results into container
2025-05-13 16:12:02,991:INFO:Uploading model into container now
2025-05-13 16:12:02,991:INFO:_master_model_container: 8
2025-05-13 16:12:02,991:INFO:_display_container: 2
2025-05-13 16:12:02,991:INFO:BayesianRidge()
2025-05-13 16:12:02,991:INFO:create_model() successfully completed......................................
2025-05-13 16:12:03,087:INFO:SubProcess create_model() end ==================================
2025-05-13 16:12:03,087:INFO:Creating metrics dataframe
2025-05-13 16:12:03,102:INFO:Initializing Passive Aggressive Regressor
2025-05-13 16:12:03,102:INFO:Total runtime is 0.1413674553235372 minutes
2025-05-13 16:12:03,102:INFO:SubProcess create_model() called ==================================
2025-05-13 16:12:03,102:INFO:Initializing create_model()
2025-05-13 16:12:03,102:INFO:create_model(self=<pycaret.regression.oop.RegressionExperiment object at 0x000001D098FC3ED0>, estimator=par, fold=KFold(n_splits=10, random_state=None, shuffle=False), round=4, cross_validation=True, predict=True, fit_kwargs={}, groups=None, refit=False, probability_threshold=None, experiment_custom_tags=None, verbose=False, system=False, add_to_model_list=True, metrics=None, display=<pycaret.internal.display.display.CommonDisplay object at 0x000001D09BD48E50>, model_only=True, return_train_score=False, error_score=0.0, kwargs={})
2025-05-13 16:12:03,102:INFO:Checking exceptions
2025-05-13 16:12:03,102:INFO:Importing libraries
2025-05-13 16:12:03,102:INFO:Copying training dataset
2025-05-13 16:12:03,120:INFO:Defining folds
2025-05-13 16:12:03,120:INFO:Declaring metric variables
2025-05-13 16:12:03,130:INFO:Importing untrained model
2025-05-13 16:12:03,137:INFO:Passive Aggressive Regressor Imported successfully
2025-05-13 16:12:03,146:INFO:Starting cross validation
2025-05-13 16:12:03,146:INFO:Cross validating with KFold(n_splits=10, random_state=None, shuffle=False), n_jobs=-1
2025-05-13 16:12:03,234:WARNING:C:\Users\amonreal\AppData\Local\Packages\PythonSoftwareFoundation.Python.3.11_qbz5n2kfra8p0\LocalCache\local-packages\Python311\site-packages\sklearn\linear_model\_stochastic_gradient.py:1575: ConvergenceWarning: Maximum number of iteration reached before convergence. Consider increasing max_iter to improve the fit.
  warnings.warn(

2025-05-13 16:12:03,234:WARNING:C:\Users\amonreal\AppData\Local\Packages\PythonSoftwareFoundation.Python.3.11_qbz5n2kfra8p0\LocalCache\local-packages\Python311\site-packages\sklearn\linear_model\_stochastic_gradient.py:1575: ConvergenceWarning: Maximum number of iteration reached before convergence. Consider increasing max_iter to improve the fit.
  warnings.warn(

2025-05-13 16:12:03,234:WARNING:C:\Users\amonreal\AppData\Local\Packages\PythonSoftwareFoundation.Python.3.11_qbz5n2kfra8p0\LocalCache\local-packages\Python311\site-packages\sklearn\linear_model\_stochastic_gradient.py:1575: ConvergenceWarning: Maximum number of iteration reached before convergence. Consider increasing max_iter to improve the fit.
  warnings.warn(

2025-05-13 16:12:03,238:WARNING:C:\Users\amonreal\AppData\Local\Packages\PythonSoftwareFoundation.Python.3.11_qbz5n2kfra8p0\LocalCache\local-packages\Python311\site-packages\sklearn\linear_model\_stochastic_gradient.py:1575: ConvergenceWarning: Maximum number of iteration reached before convergence. Consider increasing max_iter to improve the fit.
  warnings.warn(

2025-05-13 16:12:03,242:WARNING:C:\Users\amonreal\AppData\Local\Packages\PythonSoftwareFoundation.Python.3.11_qbz5n2kfra8p0\LocalCache\local-packages\Python311\site-packages\sklearn\linear_model\_stochastic_gradient.py:1575: ConvergenceWarning: Maximum number of iteration reached before convergence. Consider increasing max_iter to improve the fit.
  warnings.warn(

2025-05-13 16:12:03,248:WARNING:C:\Users\amonreal\AppData\Local\Packages\PythonSoftwareFoundation.Python.3.11_qbz5n2kfra8p0\LocalCache\local-packages\Python311\site-packages\sklearn\linear_model\_stochastic_gradient.py:1575: ConvergenceWarning: Maximum number of iteration reached before convergence. Consider increasing max_iter to improve the fit.
  warnings.warn(

2025-05-13 16:12:03,250:WARNING:C:\Users\amonreal\AppData\Local\Packages\PythonSoftwareFoundation.Python.3.11_qbz5n2kfra8p0\LocalCache\local-packages\Python311\site-packages\sklearn\linear_model\_stochastic_gradient.py:1575: ConvergenceWarning: Maximum number of iteration reached before convergence. Consider increasing max_iter to improve the fit.
  warnings.warn(

2025-05-13 16:12:03,256:WARNING:C:\Users\amonreal\AppData\Local\Packages\PythonSoftwareFoundation.Python.3.11_qbz5n2kfra8p0\LocalCache\local-packages\Python311\site-packages\sklearn\linear_model\_stochastic_gradient.py:1575: ConvergenceWarning: Maximum number of iteration reached before convergence. Consider increasing max_iter to improve the fit.
  warnings.warn(

2025-05-13 16:12:03,273:INFO:Calculating mean and std
2025-05-13 16:12:03,275:INFO:Creating metrics dataframe
2025-05-13 16:12:03,276:INFO:Uploading results into container
2025-05-13 16:12:03,277:INFO:Uploading model into container now
2025-05-13 16:12:03,277:INFO:_master_model_container: 9
2025-05-13 16:12:03,277:INFO:_display_container: 2
2025-05-13 16:12:03,278:INFO:PassiveAggressiveRegressor(random_state=123)
2025-05-13 16:12:03,278:INFO:create_model() successfully completed......................................
2025-05-13 16:12:03,377:INFO:SubProcess create_model() end ==================================
2025-05-13 16:12:03,377:INFO:Creating metrics dataframe
2025-05-13 16:12:03,393:INFO:Initializing Huber Regressor
2025-05-13 16:12:03,393:INFO:Total runtime is 0.14620632727940877 minutes
2025-05-13 16:12:03,393:INFO:SubProcess create_model() called ==================================
2025-05-13 16:12:03,393:INFO:Initializing create_model()
2025-05-13 16:12:03,393:INFO:create_model(self=<pycaret.regression.oop.RegressionExperiment object at 0x000001D098FC3ED0>, estimator=huber, fold=KFold(n_splits=10, random_state=None, shuffle=False), round=4, cross_validation=True, predict=True, fit_kwargs={}, groups=None, refit=False, probability_threshold=None, experiment_custom_tags=None, verbose=False, system=False, add_to_model_list=True, metrics=None, display=<pycaret.internal.display.display.CommonDisplay object at 0x000001D09BD48E50>, model_only=True, return_train_score=False, error_score=0.0, kwargs={})
2025-05-13 16:12:03,393:INFO:Checking exceptions
2025-05-13 16:12:03,393:INFO:Importing libraries
2025-05-13 16:12:03,393:INFO:Copying training dataset
2025-05-13 16:12:03,407:INFO:Defining folds
2025-05-13 16:12:03,408:INFO:Declaring metric variables
2025-05-13 16:12:03,412:INFO:Importing untrained model
2025-05-13 16:12:03,415:INFO:Huber Regressor Imported successfully
2025-05-13 16:12:03,421:INFO:Starting cross validation
2025-05-13 16:12:03,422:INFO:Cross validating with KFold(n_splits=10, random_state=None, shuffle=False), n_jobs=-1
2025-05-13 16:12:03,514:INFO:Calculating mean and std
2025-05-13 16:12:03,514:INFO:Creating metrics dataframe
2025-05-13 16:12:03,514:INFO:Uploading results into container
2025-05-13 16:12:03,514:INFO:Uploading model into container now
2025-05-13 16:12:03,514:INFO:_master_model_container: 10
2025-05-13 16:12:03,514:INFO:_display_container: 2
2025-05-13 16:12:03,514:INFO:HuberRegressor()
2025-05-13 16:12:03,514:INFO:create_model() successfully completed......................................
2025-05-13 16:12:03,621:INFO:SubProcess create_model() end ==================================
2025-05-13 16:12:03,621:INFO:Creating metrics dataframe
2025-05-13 16:12:03,626:INFO:Initializing K Neighbors Regressor
2025-05-13 16:12:03,626:INFO:Total runtime is 0.15009694099426268 minutes
2025-05-13 16:12:03,637:INFO:SubProcess create_model() called ==================================
2025-05-13 16:12:03,639:INFO:Initializing create_model()
2025-05-13 16:12:03,639:INFO:create_model(self=<pycaret.regression.oop.RegressionExperiment object at 0x000001D098FC3ED0>, estimator=knn, fold=KFold(n_splits=10, random_state=None, shuffle=False), round=4, cross_validation=True, predict=True, fit_kwargs={}, groups=None, refit=False, probability_threshold=None, experiment_custom_tags=None, verbose=False, system=False, add_to_model_list=True, metrics=None, display=<pycaret.internal.display.display.CommonDisplay object at 0x000001D09BD48E50>, model_only=True, return_train_score=False, error_score=0.0, kwargs={})
2025-05-13 16:12:03,639:INFO:Checking exceptions
2025-05-13 16:12:03,640:INFO:Importing libraries
2025-05-13 16:12:03,640:INFO:Copying training dataset
2025-05-13 16:12:03,643:INFO:Defining folds
2025-05-13 16:12:03,643:INFO:Declaring metric variables
2025-05-13 16:12:03,651:INFO:Importing untrained model
2025-05-13 16:12:03,659:INFO:K Neighbors Regressor Imported successfully
2025-05-13 16:12:03,659:INFO:Starting cross validation
2025-05-13 16:12:03,659:INFO:Cross validating with KFold(n_splits=10, random_state=None, shuffle=False), n_jobs=-1
2025-05-13 16:12:03,777:INFO:Calculating mean and std
2025-05-13 16:12:03,777:INFO:Creating metrics dataframe
2025-05-13 16:12:03,777:INFO:Uploading results into container
2025-05-13 16:12:03,777:INFO:Uploading model into container now
2025-05-13 16:12:03,777:INFO:_master_model_container: 11
2025-05-13 16:12:03,777:INFO:_display_container: 2
2025-05-13 16:12:03,777:INFO:KNeighborsRegressor(n_jobs=-1)
2025-05-13 16:12:03,777:INFO:create_model() successfully completed......................................
2025-05-13 16:12:03,890:INFO:SubProcess create_model() end ==================================
2025-05-13 16:12:03,890:INFO:Creating metrics dataframe
2025-05-13 16:12:03,893:INFO:Initializing Decision Tree Regressor
2025-05-13 16:12:03,893:INFO:Total runtime is 0.15454953908920288 minutes
2025-05-13 16:12:03,910:INFO:SubProcess create_model() called ==================================
2025-05-13 16:12:03,910:INFO:Initializing create_model()
2025-05-13 16:12:03,910:INFO:create_model(self=<pycaret.regression.oop.RegressionExperiment object at 0x000001D098FC3ED0>, estimator=dt, fold=KFold(n_splits=10, random_state=None, shuffle=False), round=4, cross_validation=True, predict=True, fit_kwargs={}, groups=None, refit=False, probability_threshold=None, experiment_custom_tags=None, verbose=False, system=False, add_to_model_list=True, metrics=None, display=<pycaret.internal.display.display.CommonDisplay object at 0x000001D09BD48E50>, model_only=True, return_train_score=False, error_score=0.0, kwargs={})
2025-05-13 16:12:03,910:INFO:Checking exceptions
2025-05-13 16:12:03,910:INFO:Importing libraries
2025-05-13 16:12:03,910:INFO:Copying training dataset
2025-05-13 16:12:03,923:INFO:Defining folds
2025-05-13 16:12:03,924:INFO:Declaring metric variables
2025-05-13 16:12:03,928:INFO:Importing untrained model
2025-05-13 16:12:03,928:INFO:Decision Tree Regressor Imported successfully
2025-05-13 16:12:03,942:INFO:Starting cross validation
2025-05-13 16:12:03,943:INFO:Cross validating with KFold(n_splits=10, random_state=None, shuffle=False), n_jobs=-1
2025-05-13 16:12:04,039:INFO:Calculating mean and std
2025-05-13 16:12:04,040:INFO:Creating metrics dataframe
2025-05-13 16:12:04,042:INFO:Uploading results into container
2025-05-13 16:12:04,042:INFO:Uploading model into container now
2025-05-13 16:12:04,042:INFO:_master_model_container: 12
2025-05-13 16:12:04,043:INFO:_display_container: 2
2025-05-13 16:12:04,043:INFO:DecisionTreeRegressor(random_state=123)
2025-05-13 16:12:04,043:INFO:create_model() successfully completed......................................
2025-05-13 16:12:04,143:INFO:SubProcess create_model() end ==================================
2025-05-13 16:12:04,143:INFO:Creating metrics dataframe
2025-05-13 16:12:04,158:INFO:Initializing Random Forest Regressor
2025-05-13 16:12:04,159:INFO:Total runtime is 0.15898115237553914 minutes
2025-05-13 16:12:04,159:INFO:SubProcess create_model() called ==================================
2025-05-13 16:12:04,159:INFO:Initializing create_model()
2025-05-13 16:12:04,159:INFO:create_model(self=<pycaret.regression.oop.RegressionExperiment object at 0x000001D098FC3ED0>, estimator=rf, fold=KFold(n_splits=10, random_state=None, shuffle=False), round=4, cross_validation=True, predict=True, fit_kwargs={}, groups=None, refit=False, probability_threshold=None, experiment_custom_tags=None, verbose=False, system=False, add_to_model_list=True, metrics=None, display=<pycaret.internal.display.display.CommonDisplay object at 0x000001D09BD48E50>, model_only=True, return_train_score=False, error_score=0.0, kwargs={})
2025-05-13 16:12:04,159:INFO:Checking exceptions
2025-05-13 16:12:04,159:INFO:Importing libraries
2025-05-13 16:12:04,159:INFO:Copying training dataset
2025-05-13 16:12:04,177:INFO:Defining folds
2025-05-13 16:12:04,177:INFO:Declaring metric variables
2025-05-13 16:12:04,186:INFO:Importing untrained model
2025-05-13 16:12:04,194:INFO:Random Forest Regressor Imported successfully
2025-05-13 16:12:04,207:INFO:Starting cross validation
2025-05-13 16:12:04,210:INFO:Cross validating with KFold(n_splits=10, random_state=None, shuffle=False), n_jobs=-1
2025-05-13 16:12:04,471:INFO:Calculating mean and std
2025-05-13 16:12:04,472:INFO:Creating metrics dataframe
2025-05-13 16:12:04,474:INFO:Uploading results into container
2025-05-13 16:12:04,474:INFO:Uploading model into container now
2025-05-13 16:12:04,475:INFO:_master_model_container: 13
2025-05-13 16:12:04,475:INFO:_display_container: 2
2025-05-13 16:12:04,476:INFO:RandomForestRegressor(n_jobs=-1, random_state=123)
2025-05-13 16:12:04,476:INFO:create_model() successfully completed......................................
2025-05-13 16:12:04,577:INFO:SubProcess create_model() end ==================================
2025-05-13 16:12:04,577:INFO:Creating metrics dataframe
2025-05-13 16:12:04,589:INFO:Initializing Extra Trees Regressor
2025-05-13 16:12:04,590:INFO:Total runtime is 0.16616408030192056 minutes
2025-05-13 16:12:04,593:INFO:SubProcess create_model() called ==================================
2025-05-13 16:12:04,593:INFO:Initializing create_model()
2025-05-13 16:12:04,593:INFO:create_model(self=<pycaret.regression.oop.RegressionExperiment object at 0x000001D098FC3ED0>, estimator=et, fold=KFold(n_splits=10, random_state=None, shuffle=False), round=4, cross_validation=True, predict=True, fit_kwargs={}, groups=None, refit=False, probability_threshold=None, experiment_custom_tags=None, verbose=False, system=False, add_to_model_list=True, metrics=None, display=<pycaret.internal.display.display.CommonDisplay object at 0x000001D09BD48E50>, model_only=True, return_train_score=False, error_score=0.0, kwargs={})
2025-05-13 16:12:04,593:INFO:Checking exceptions
2025-05-13 16:12:04,593:INFO:Importing libraries
2025-05-13 16:12:04,593:INFO:Copying training dataset
2025-05-13 16:12:04,606:INFO:Defining folds
2025-05-13 16:12:04,607:INFO:Declaring metric variables
2025-05-13 16:12:04,614:INFO:Importing untrained model
2025-05-13 16:12:04,620:INFO:Extra Trees Regressor Imported successfully
2025-05-13 16:12:04,626:INFO:Starting cross validation
2025-05-13 16:12:04,626:INFO:Cross validating with KFold(n_splits=10, random_state=None, shuffle=False), n_jobs=-1
2025-05-13 16:12:04,872:INFO:Calculating mean and std
2025-05-13 16:12:04,873:INFO:Creating metrics dataframe
2025-05-13 16:12:04,875:INFO:Uploading results into container
2025-05-13 16:12:04,875:INFO:Uploading model into container now
2025-05-13 16:12:04,876:INFO:_master_model_container: 14
2025-05-13 16:12:04,876:INFO:_display_container: 2
2025-05-13 16:12:04,876:INFO:ExtraTreesRegressor(n_jobs=-1, random_state=123)
2025-05-13 16:12:04,876:INFO:create_model() successfully completed......................................
2025-05-13 16:12:04,987:INFO:SubProcess create_model() end ==================================
2025-05-13 16:12:04,988:INFO:Creating metrics dataframe
2025-05-13 16:12:04,993:INFO:Initializing AdaBoost Regressor
2025-05-13 16:12:04,993:INFO:Total runtime is 0.1728727102279663 minutes
2025-05-13 16:12:05,004:INFO:SubProcess create_model() called ==================================
2025-05-13 16:12:05,005:INFO:Initializing create_model()
2025-05-13 16:12:05,006:INFO:create_model(self=<pycaret.regression.oop.RegressionExperiment object at 0x000001D098FC3ED0>, estimator=ada, fold=KFold(n_splits=10, random_state=None, shuffle=False), round=4, cross_validation=True, predict=True, fit_kwargs={}, groups=None, refit=False, probability_threshold=None, experiment_custom_tags=None, verbose=False, system=False, add_to_model_list=True, metrics=None, display=<pycaret.internal.display.display.CommonDisplay object at 0x000001D09BD48E50>, model_only=True, return_train_score=False, error_score=0.0, kwargs={})
2025-05-13 16:12:05,006:INFO:Checking exceptions
2025-05-13 16:12:05,006:INFO:Importing libraries
2025-05-13 16:12:05,006:INFO:Copying training dataset
2025-05-13 16:12:05,010:INFO:Defining folds
2025-05-13 16:12:05,010:INFO:Declaring metric variables
2025-05-13 16:12:05,010:INFO:Importing untrained model
2025-05-13 16:12:05,024:INFO:AdaBoost Regressor Imported successfully
2025-05-13 16:12:05,026:INFO:Starting cross validation
2025-05-13 16:12:05,026:INFO:Cross validating with KFold(n_splits=10, random_state=None, shuffle=False), n_jobs=-1
2025-05-13 16:12:05,192:INFO:Calculating mean and std
2025-05-13 16:12:05,193:INFO:Creating metrics dataframe
2025-05-13 16:12:05,194:INFO:Uploading results into container
2025-05-13 16:12:05,194:INFO:Uploading model into container now
2025-05-13 16:12:05,194:INFO:_master_model_container: 15
2025-05-13 16:12:05,194:INFO:_display_container: 2
2025-05-13 16:12:05,194:INFO:AdaBoostRegressor(random_state=123)
2025-05-13 16:12:05,194:INFO:create_model() successfully completed......................................
2025-05-13 16:12:05,294:INFO:SubProcess create_model() end ==================================
2025-05-13 16:12:05,294:INFO:Creating metrics dataframe
2025-05-13 16:12:05,325:INFO:Initializing Gradient Boosting Regressor
2025-05-13 16:12:05,326:INFO:Total runtime is 0.178419562180837 minutes
2025-05-13 16:12:05,330:INFO:SubProcess create_model() called ==================================
2025-05-13 16:12:05,330:INFO:Initializing create_model()
2025-05-13 16:12:05,330:INFO:create_model(self=<pycaret.regression.oop.RegressionExperiment object at 0x000001D098FC3ED0>, estimator=gbr, fold=KFold(n_splits=10, random_state=None, shuffle=False), round=4, cross_validation=True, predict=True, fit_kwargs={}, groups=None, refit=False, probability_threshold=None, experiment_custom_tags=None, verbose=False, system=False, add_to_model_list=True, metrics=None, display=<pycaret.internal.display.display.CommonDisplay object at 0x000001D09BD48E50>, model_only=True, return_train_score=False, error_score=0.0, kwargs={})
2025-05-13 16:12:05,330:INFO:Checking exceptions
2025-05-13 16:12:05,330:INFO:Importing libraries
2025-05-13 16:12:05,330:INFO:Copying training dataset
2025-05-13 16:12:05,339:INFO:Defining folds
2025-05-13 16:12:05,340:INFO:Declaring metric variables
2025-05-13 16:12:05,346:INFO:Importing untrained model
2025-05-13 16:12:05,354:INFO:Gradient Boosting Regressor Imported successfully
2025-05-13 16:12:05,359:INFO:Starting cross validation
2025-05-13 16:12:05,365:INFO:Cross validating with KFold(n_splits=10, random_state=None, shuffle=False), n_jobs=-1
2025-05-13 16:12:05,530:INFO:Calculating mean and std
2025-05-13 16:12:05,531:INFO:Creating metrics dataframe
2025-05-13 16:12:05,533:INFO:Uploading results into container
2025-05-13 16:12:05,533:INFO:Uploading model into container now
2025-05-13 16:12:05,533:INFO:_master_model_container: 16
2025-05-13 16:12:05,534:INFO:_display_container: 2
2025-05-13 16:12:05,534:INFO:GradientBoostingRegressor(random_state=123)
2025-05-13 16:12:05,534:INFO:create_model() successfully completed......................................
2025-05-13 16:12:05,642:INFO:SubProcess create_model() end ==================================
2025-05-13 16:12:05,643:INFO:Creating metrics dataframe
2025-05-13 16:12:05,655:INFO:Initializing Light Gradient Boosting Machine
2025-05-13 16:12:05,655:INFO:Total runtime is 0.18390869696935017 minutes
2025-05-13 16:12:05,655:INFO:SubProcess create_model() called ==================================
2025-05-13 16:12:05,655:INFO:Initializing create_model()
2025-05-13 16:12:05,655:INFO:create_model(self=<pycaret.regression.oop.RegressionExperiment object at 0x000001D098FC3ED0>, estimator=lightgbm, fold=KFold(n_splits=10, random_state=None, shuffle=False), round=4, cross_validation=True, predict=True, fit_kwargs={}, groups=None, refit=False, probability_threshold=None, experiment_custom_tags=None, verbose=False, system=False, add_to_model_list=True, metrics=None, display=<pycaret.internal.display.display.CommonDisplay object at 0x000001D09BD48E50>, model_only=True, return_train_score=False, error_score=0.0, kwargs={})
2025-05-13 16:12:05,655:INFO:Checking exceptions
2025-05-13 16:12:05,655:INFO:Importing libraries
2025-05-13 16:12:05,655:INFO:Copying training dataset
2025-05-13 16:12:05,672:INFO:Defining folds
2025-05-13 16:12:05,672:INFO:Declaring metric variables
2025-05-13 16:12:05,676:INFO:Importing untrained model
2025-05-13 16:12:05,682:INFO:Light Gradient Boosting Machine Imported successfully
2025-05-13 16:12:05,693:INFO:Starting cross validation
2025-05-13 16:12:05,695:INFO:Cross validating with KFold(n_splits=10, random_state=None, shuffle=False), n_jobs=-1
2025-05-13 16:12:05,932:INFO:Calculating mean and std
2025-05-13 16:12:05,932:INFO:Creating metrics dataframe
2025-05-13 16:12:05,935:INFO:Uploading results into container
2025-05-13 16:12:05,935:INFO:Uploading model into container now
2025-05-13 16:12:05,937:INFO:_master_model_container: 17
2025-05-13 16:12:05,937:INFO:_display_container: 2
2025-05-13 16:12:05,937:INFO:LGBMRegressor(n_jobs=-1, random_state=123)
2025-05-13 16:12:05,937:INFO:create_model() successfully completed......................................
2025-05-13 16:12:06,053:INFO:SubProcess create_model() end ==================================
2025-05-13 16:12:06,053:INFO:Creating metrics dataframe
2025-05-13 16:12:06,071:INFO:Initializing Dummy Regressor
2025-05-13 16:12:06,072:INFO:Total runtime is 0.19085416396458943 minutes
2025-05-13 16:12:06,073:INFO:SubProcess create_model() called ==================================
2025-05-13 16:12:06,073:INFO:Initializing create_model()
2025-05-13 16:12:06,073:INFO:create_model(self=<pycaret.regression.oop.RegressionExperiment object at 0x000001D098FC3ED0>, estimator=dummy, fold=KFold(n_splits=10, random_state=None, shuffle=False), round=4, cross_validation=True, predict=True, fit_kwargs={}, groups=None, refit=False, probability_threshold=None, experiment_custom_tags=None, verbose=False, system=False, add_to_model_list=True, metrics=None, display=<pycaret.internal.display.display.CommonDisplay object at 0x000001D09BD48E50>, model_only=True, return_train_score=False, error_score=0.0, kwargs={})
2025-05-13 16:12:06,073:INFO:Checking exceptions
2025-05-13 16:12:06,073:INFO:Importing libraries
2025-05-13 16:12:06,073:INFO:Copying training dataset
2025-05-13 16:12:06,076:INFO:Defining folds
2025-05-13 16:12:06,076:INFO:Declaring metric variables
2025-05-13 16:12:06,076:INFO:Importing untrained model
2025-05-13 16:12:06,083:INFO:Dummy Regressor Imported successfully
2025-05-13 16:12:06,088:INFO:Starting cross validation
2025-05-13 16:12:06,090:INFO:Cross validating with KFold(n_splits=10, random_state=None, shuffle=False), n_jobs=-1
2025-05-13 16:12:06,173:INFO:Calculating mean and std
2025-05-13 16:12:06,173:INFO:Creating metrics dataframe
2025-05-13 16:12:06,173:INFO:Uploading results into container
2025-05-13 16:12:06,173:INFO:Uploading model into container now
2025-05-13 16:12:06,173:INFO:_master_model_container: 18
2025-05-13 16:12:06,173:INFO:_display_container: 2
2025-05-13 16:12:06,173:INFO:DummyRegressor()
2025-05-13 16:12:06,173:INFO:create_model() successfully completed......................................
2025-05-13 16:12:06,285:INFO:SubProcess create_model() end ==================================
2025-05-13 16:12:06,285:INFO:Creating metrics dataframe
2025-05-13 16:12:06,301:WARNING:C:\Users\amonreal\AppData\Local\Packages\PythonSoftwareFoundation.Python.3.11_qbz5n2kfra8p0\LocalCache\local-packages\Python311\site-packages\pycaret\internal\pycaret_experiment\supervised_experiment.py:339: FutureWarning: Styler.applymap has been deprecated. Use Styler.map instead.
  .applymap(highlight_cols, subset=["TT (Sec)"])

2025-05-13 16:12:06,313:INFO:Initializing create_model()
2025-05-13 16:12:06,313:INFO:create_model(self=<pycaret.regression.oop.RegressionExperiment object at 0x000001D098FC3ED0>, estimator=LinearRegression(n_jobs=-1), fold=KFold(n_splits=10, random_state=None, shuffle=False), round=4, cross_validation=False, predict=False, fit_kwargs={}, groups=None, refit=True, probability_threshold=None, experiment_custom_tags=None, verbose=False, system=False, add_to_model_list=True, metrics=None, display=None, model_only=True, return_train_score=False, error_score=0.0, kwargs={})
2025-05-13 16:12:06,314:INFO:Checking exceptions
2025-05-13 16:12:06,315:INFO:Importing libraries
2025-05-13 16:12:06,315:INFO:Copying training dataset
2025-05-13 16:12:06,317:INFO:Defining folds
2025-05-13 16:12:06,318:INFO:Declaring metric variables
2025-05-13 16:12:06,318:INFO:Importing untrained model
2025-05-13 16:12:06,318:INFO:Declaring custom model
2025-05-13 16:12:06,318:INFO:Linear Regression Imported successfully
2025-05-13 16:12:06,318:INFO:Cross validation set to False
2025-05-13 16:12:06,318:INFO:Fitting Model
2025-05-13 16:12:06,354:INFO:LinearRegression(n_jobs=-1)
2025-05-13 16:12:06,354:INFO:create_model() successfully completed......................................
2025-05-13 16:12:06,514:INFO:_master_model_container: 18
2025-05-13 16:12:06,515:INFO:_display_container: 2
2025-05-13 16:12:06,515:INFO:LinearRegression(n_jobs=-1)
2025-05-13 16:12:06,515:INFO:compare_models() successfully completed......................................
2025-05-13 16:12:10,699:INFO:Initializing create_model()
2025-05-13 16:12:10,699:INFO:create_model(self=<pycaret.regression.oop.RegressionExperiment object at 0x000001D098FC3ED0>, estimator=lr, fold=None, round=4, cross_validation=True, predict=True, fit_kwargs=None, groups=None, refit=True, probability_threshold=None, experiment_custom_tags=None, verbose=True, system=True, add_to_model_list=True, metrics=None, display=None, model_only=True, return_train_score=False, error_score=0.0, kwargs={})
2025-05-13 16:12:10,699:INFO:Checking exceptions
2025-05-13 16:12:10,713:INFO:Importing libraries
2025-05-13 16:12:10,713:INFO:Copying training dataset
2025-05-13 16:12:10,716:INFO:Defining folds
2025-05-13 16:12:10,716:INFO:Declaring metric variables
2025-05-13 16:12:10,720:INFO:Importing untrained model
2025-05-13 16:12:10,725:INFO:Linear Regression Imported successfully
2025-05-13 16:12:10,732:INFO:Starting cross validation
2025-05-13 16:12:10,733:INFO:Cross validating with KFold(n_splits=10, random_state=None, shuffle=False), n_jobs=-1
2025-05-13 16:12:10,847:INFO:Calculating mean and std
2025-05-13 16:12:10,848:INFO:Creating metrics dataframe
2025-05-13 16:12:10,852:INFO:Finalizing model
2025-05-13 16:12:10,886:INFO:Uploading results into container
2025-05-13 16:12:10,887:INFO:Uploading model into container now
2025-05-13 16:12:10,895:INFO:_master_model_container: 19
2025-05-13 16:12:10,895:INFO:_display_container: 3
2025-05-13 16:12:10,895:INFO:LinearRegression(n_jobs=-1)
2025-05-13 16:12:10,895:INFO:create_model() successfully completed......................................
